Log file open, 12/23/17 18:16:56
LogWindows: Failed to load 'aqProf.dll' (GetLastError=126)
LogWindows: File 'aqProf.dll' does not exist
LogWindows: Failed to load 'VtuneApi.dll' (GetLastError=126)
LogWindows: File 'VtuneApi.dll' does not exist
LogWindows: Failed to load 'VtuneApi32e.dll' (GetLastError=126)
LogWindows: File 'VtuneApi32e.dll' does not exist
LogInit: Display: Running engine for game: SortTheTrash
LogPlatformFile: Not using cached read wrapper
LogInit: Display: RandInit(-136933549) SRandInit(-136933549).
LogInit: Read version file with build ID '3709383'
LogInit: Overriding engine version to CL 3794801, compatible CL 3709383
LogInit: Registered custom module enumerator with build ID '3709383'
LogTaskGraph: Started task graph with 5 named threads and 14 total threads with 3 sets of task threads.
LogStats: Stats thread started at 0.175819
LogD3D11RHI: Aftermath initialized
LogModuleManager: Display: Found up-to-date module file ../../../Engine/Plugins/2D/Paper2D/Binaries/Win64/UE4Editor-Paper2D.dll (API version 3709383).
LogModuleManager: Display: Found up-to-date module file ../../../Engine/Plugins/2D/Paper2D/Binaries/Win64/UE4Editor-Paper2DEditor.dll (API version 3709383).
LogModuleManager: Display: Found up-to-date module file ../../../Engine/Plugins/2D/Paper2D/Binaries/Win64/UE4Editor-PaperSpriteSheetImporter.dll (API version 3709383).
LogModuleManager: Display: Found up-to-date module file ../../../Engine/Plugins/2D/Paper2D/Binaries/Win64/UE4Editor-PaperTiledImporter.dll (API version 3709383).
LogModuleManager: Display: Found up-to-date module file ../../../Engine/Plugins/2D/Paper2D/Binaries/Win64/UE4Editor-SmartSnapping.dll (API version 3709383).
LogModuleManager: Display: Found up-to-date module file ../../../Engine/Plugins/Blendables/LightPropagationVolume/Binaries/Win64/UE4Editor-LightPropagationVolumeRuntime.dll (API version 3709383).
LogModuleManager: Display: Found up-to-date module file ../../../Engine/Plugins/Blendables/LightPropagationVolume/Binaries/Win64/UE4Editor-LightPropagationVolumeEditor.dll (API version 3709383).
LogModuleManager: Display: Found up-to-date module file ../../../Engine/Plugins/Developer/UObjectPlugin/Binaries/Win64/UE4Editor-UObjectPlugin.dll (API version 3709383).
LogModuleManager: Display: Found up-to-date module file ../../../Engine/Plugins/Developer/VisualStudioCodeSourceCodeAccess/Binaries/Win64/UE4Editor-VisualStudioCodeSourceCodeAccess.dll (API version 3709383).
LogModuleManager: Display: Found up-to-date module file ../../../Engine/Plugins/Developer/VisualStudioSourceCodeAccess/Binaries/Win64/UE4Editor-VisualStudioSourceCodeAccess.dll (API version 3709383).
LogModuleManager: Display: Found up-to-date module file ../../../Engine/Plugins/Editor/GameplayTagsEditor/Binaries/Win64/UE4Editor-GameplayTagsEditor.dll (API version 3709383).
LogModuleManager: Display: Found up-to-date module file ../../../Engine/Plugins/Editor/MobileLauncherProfileWizard/Binaries/Win64/UE4Editor-MobileLauncherProfileWizard.dll (API version 3709383).
LogModuleManager: Display: Found up-to-date module file ../../../Engine/Plugins/Editor/PluginBrowser/Binaries/Win64/UE4Editor-PluginBrowser.dll (API version 3709383).
LogModuleManager: Display: Found up-to-date module file ../../../Engine/Plugins/Experimental/HTML5Networking/Binaries/Win64/UE4Editor-HTML5Networking.dll (API version 3709383).
LogModuleManager: Display: Found up-to-date module file ../../../Engine/Plugins/Media/ImgMedia/Binaries/Win64/UE4Editor-ImgMedia.dll (API version 3709383).
LogModuleManager: Display: Found up-to-date module file ../../../Engine/Plugins/Media/ImgMedia/Binaries/Win64/UE4Editor-ImgMediaEditor.dll (API version 3709383).
LogModuleManager: Display: Found up-to-date module file ../../../Engine/Plugins/Media/ImgMedia/Binaries/Win64/UE4Editor-ImgMediaFactory.dll (API version 3709383).
LogModuleManager: Display: Found up-to-date module file ../../../Engine/Plugins/Media/ImgMedia/Binaries/Win64/UE4Editor-ImgMediaFactory.dll (API version 3709383).
LogModuleManager: Display: Found up-to-date module file ../../../Engine/Plugins/Media/ImgMedia/Binaries/Win64/UE4Editor-OpenExrWrapper.dll (API version 3709383).
LogModuleManager: Display: Found up-to-date module file ../../../Engine/Plugins/Media/MediaCompositing/Binaries/Win64/UE4Editor-MediaCompositing.dll (API version 3709383).
LogModuleManager: Display: Found up-to-date module file ../../../Engine/Plugins/Media/MediaCompositing/Binaries/Win64/UE4Editor-MediaCompositingEditor.dll (API version 3709383).
LogModuleManager: Display: Found up-to-date module file ../../../Engine/Plugins/Media/MediaPlayerEditor/Binaries/Win64/UE4Editor-MediaPlayerEditor.dll (API version 3709383).
LogModuleManager: Display: Found up-to-date module file ../../../Engine/Plugins/Media/WmfMedia/Binaries/Win64/UE4Editor-WmfMedia.dll (API version 3709383).
LogModuleManager: Display: Found up-to-date module file ../../../Engine/Plugins/Media/WmfMedia/Binaries/Win64/UE4Editor-WmfMediaEditor.dll (API version 3709383).
LogModuleManager: Display: Found up-to-date module file ../../../Engine/Plugins/Media/WmfMedia/Binaries/Win64/UE4Editor-WmfMediaFactory.dll (API version 3709383).
LogModuleManager: Display: Found up-to-date module file ../../../Engine/Plugins/Media/WmfMedia/Binaries/Win64/UE4Editor-WmfMediaFactory.dll (API version 3709383).
LogModuleManager: Display: Found up-to-date module file ../../../Engine/Plugins/Messaging/TcpMessaging/Binaries/Win64/UE4Editor-TcpMessaging.dll (API version 3709383).
LogModuleManager: Display: Found up-to-date module file ../../../Engine/Plugins/Messaging/UdpMessaging/Binaries/Win64/UE4Editor-UdpMessaging.dll (API version 3709383).
LogModuleManager: Display: Found up-to-date module file ../../../Engine/Plugins/MovieScene/MatineeToLevelSequence/Binaries/Win64/UE4Editor-MatineeToLevelSequence.dll (API version 3709383).
LogModuleManager: Display: Found up-to-date module file ../../../Engine/Plugins/Online/OnlineSubsystem/Binaries/Win64/UE4Editor-OnlineSubsystem.dll (API version 3709383).
LogModuleManager: Display: Found up-to-date module file ../../../Engine/Plugins/Online/OnlineSubsystemNull/Binaries/Win64/UE4Editor-OnlineSubsystemNull.dll (API version 3709383).
LogModuleManager: Display: Found up-to-date module file ../../../Engine/Plugins/Online/OnlineSubsystemUtils/Binaries/Win64/UE4Editor-OnlineSubsystemUtils.dll (API version 3709383).
LogModuleManager: Display: Found up-to-date module file ../../../Engine/Plugins/Online/OnlineSubsystemUtils/Binaries/Win64/UE4Editor-OnlineBlueprintSupport.dll (API version 3709383).
LogModuleManager: Display: Found up-to-date module file ../../../Engine/Plugins/Runtime/CustomMeshComponent/Binaries/Win64/UE4Editor-CustomMeshComponent.dll (API version 3709383).
LogModuleManager: Display: Found up-to-date module file ../../../Engine/Plugins/Runtime/ImmediatePhysics/Binaries/Win64/UE4Editor-ImmediatePhysics.dll (API version 3709383).
LogModuleManager: Display: Found up-to-date module file ../../../Engine/Plugins/Runtime/ImmediatePhysics/Binaries/Win64/UE4Editor-ImmediatePhysicsEditor.dll (API version 3709383).
LogModuleManager: Display: Found up-to-date module file ../../../Engine/Plugins/Runtime/LocationServicesBPLibrary/Binaries/Win64/UE4Editor-LocationServicesBPLibrary.dll (API version 3709383).
LogModuleManager: Display: Found up-to-date module file ../../../Engine/Plugins/Runtime/Oculus/OculusVR/Binaries/Win64/UE4Editor-OculusHMD.dll (API version 3709383).
LogModuleManager: Display: Found up-to-date module file ../../../Engine/Plugins/Runtime/Oculus/OculusVR/Binaries/Win64/UE4Editor-OculusInput.dll (API version 3709383).
LogModuleManager: Display: Found up-to-date module file ../../../Engine/Plugins/Runtime/Oculus/OculusVR/Binaries/Win64/UE4Editor-OculusEditor.dll (API version 3709383).
LogModuleManager: Display: Found up-to-date module file ../../../Engine/Plugins/Runtime/ProceduralMeshComponent/Binaries/Win64/UE4Editor-ProceduralMeshComponent.dll (API version 3709383).
LogModuleManager: Display: Found up-to-date module file ../../../Engine/Plugins/Runtime/ProceduralMeshComponent/Binaries/Win64/UE4Editor-ProceduralMeshComponentEditor.dll (API version 3709383).
LogModuleManager: Display: Found up-to-date module file ../../../Engine/Plugins/Runtime/RuntimePhysXCooking/Binaries/Win64/UE4Editor-RuntimePhysXCooking.dll (API version 3709383).
LogModuleManager: Display: Found up-to-date module file ../../../Engine/Plugins/Runtime/Steam/SteamVR/Binaries/Win64/UE4Editor-SteamVR.dll (API version 3709383).
LogModuleManager: Display: Found up-to-date module file ../../../Engine/Plugins/Runtime/Steam/SteamVR/Binaries/Win64/UE4Editor-SteamVRController.dll (API version 3709383).
LogModuleManager: Display: Found up-to-date module file ../../../Engine/Plugins/Runtime/WindowsMoviePlayer/Binaries/Win64/UE4Editor-WindowsMoviePlayer.dll (API version 3709383).
LogPluginManager: Mounting plugin Paper2D
LogPluginManager: Mounting plugin LightPropagationVolume
LogPluginManager: Mounting plugin NullSourceCodeAccess
LogPluginManager: Mounting plugin UObjectPlugin
LogPluginManager: Mounting plugin VisualStudioCodeSourceCodeAccess
LogPluginManager: Mounting plugin VisualStudioSourceCodeAccess
LogPluginManager: Mounting plugin GameplayTagsEditor
LogPluginManager: Mounting plugin MobileLauncherProfileWizard
LogPluginManager: Mounting plugin PluginBrowser
LogPluginManager: Mounting plugin HTML5Networking
LogPluginManager: Mounting plugin ImgMedia
LogPluginManager: Mounting plugin MediaCompositing
LogPluginManager: Mounting plugin MediaPlayerEditor
LogPluginManager: Mounting plugin WmfMedia
LogPluginManager: Mounting plugin TcpMessaging
LogPluginManager: Mounting plugin UdpMessaging
LogPluginManager: Mounting plugin MatineeToLevelSequence
LogPluginManager: Mounting plugin OnlineSubsystem
LogPluginManager: Mounting plugin OnlineSubsystemNull
LogPluginManager: Mounting plugin OnlineSubsystemUtils
LogPluginManager: Mounting plugin CustomMeshComponent
LogPluginManager: Mounting plugin ImmediatePhysics
LogPluginManager: Mounting plugin LinuxDeviceProfileSelector
LogPluginManager: Mounting plugin LocationServicesBPLibrary
LogPluginManager: Mounting plugin OculusVR
LogPluginManager: Plugin shader directory ../../../Engine/Plugins/Runtime/Oculus/OculusVR/Shaders found
LogPluginManager: Mapping shader source directory ../../../Engine/Plugins/Runtime/Oculus/OculusVR/Shaders to virtual directory /Plugin/OculusVR
LogPluginManager: Mounting plugin ProceduralMeshComponent
LogPluginManager: Mounting plugin RuntimePhysXCooking
LogPluginManager: Mounting plugin SteamVR
LogPluginManager: Mounting plugin WindowsMoviePlayer
LogInit: Using libcurl 7.47.1
LogInit:  - built for x86_64-pc-win32
LogInit:  - supports SSL with OpenSSL/1.0.2g
LogInit:  - supports HTTP deflate (compression) using libz 1.2.8
LogInit:  - other features:
LogInit:      CURL_VERSION_SSL
LogInit:      CURL_VERSION_LIBZ
LogInit:      CURL_VERSION_IPV6
LogInit:      CURL_VERSION_ASYNCHDNS
LogInit:      CURL_VERSION_LARGEFILE
LogInit:      CURL_VERSION_IDN
LogInit:  CurlRequestOptions (configurable via config and command line):
LogInit:  - bVerifyPeer = false  - Libcurl will NOT verify peer certificate
LogInit:  - bUseHttpProxy = false  - Libcurl will NOT use HTTP proxy
LogInit:  - bDontReuseConnections = false  - Libcurl will reuse connections
LogInit:  - CertBundlePath = nullptr  - Libcurl will use whatever was configured at build time.
LogInit: Build: ++UE4+Release-4.18-CL-3794801
LogInit: Engine Version: 4.18.2-3794801+++UE4+Release-4.18
LogInit: Compatible Engine Version: 4.18.0-3709383+++UE4+Release-4.18
LogInit: Net CL: 3709383
LogDevObjectVersion: Number of dev versions registered: 16
LogDevObjectVersion:   Dev-Blueprints (B0D832E4-1F89-4F0D-ACCF-7EB736FD4AA2): 10
LogDevObjectVersion:   Dev-Build (E1C64328-A22C-4D53-A36C-8E866417BD8C): 0
LogDevObjectVersion:   Dev-Core (375EC13C-06E4-48FB-B500-84F0262A717E): 2
LogDevObjectVersion:   Dev-Editor (E4B068ED-F494-42E9-A231-DA0B2E46BB41): 20
LogDevObjectVersion:   Dev-Framework (CFFC743F-43B0-4480-9391-14DF171D2073): 30
LogDevObjectVersion:   Dev-Mobile (B02B49B5-BB20-44E9-A304-32B752E40360): 0
LogDevObjectVersion:   Dev-Networking (A4E4105C-59A1-49B5-A7C5-40C4547EDFEE): 0
LogDevObjectVersion:   Dev-Online (39C831C9-5AE6-47DC-9A44-9C173E1C8E7C): 0
LogDevObjectVersion:   Dev-Physics (78F01B33-EBEA-4F98-B9B4-84EACCB95AA2): 0
LogDevObjectVersion:   Dev-Platform (6631380F-2D4D-43E0-8009-CF276956A95A): 0
LogDevObjectVersion:   Dev-Rendering (12F88B9F-8875-4AFC-A67C-D90C383ABD29): 20
LogDevObjectVersion:   Dev-Sequencer (7B5AE74C-D270-4C10-A958-57980B212A5A): 4
LogDevObjectVersion:   Dev-VR (D7296918-1DD6-4BDD-9DE2-64A83CC13884): 0
LogDevObjectVersion:   Dev-LoadTimes (C2A15278-BFE7-4AFE-6C17-90FF531DF755): 1
LogDevObjectVersion:   Private-Geometry (6EACA3D4-40EC-4CC1-B786-8BED09428FC5): 1
LogDevObjectVersion:   Dev-AnimPhys (29E575DD-E0A3-4627-9D10-D276232CDCEA): 12
LogInit: Compiled (64-bit): Dec  8 2017 02:04:53
LogInit: Compiled with Visual C++: 19.00.24215.01
LogInit: Build Configuration: Development
LogInit: Branch Name: ++UE4+Release-4.18
LogInit: Command line:  
LogInit: Base directory: C:/Program Files/Epic Games/UE_4.18/Engine/Binaries/Win64/
LogInit: Installed Engine Build: 1
LogInit: Presizing for max 8388607 objects, including 0 objects not considered by GC, pre-allocating 0 bytes for permanent pool.
LogInit: Object subsystem initialized
[2017.12.24-02.16.57:275][  0]LogModuleManager: Warning: No filename provided for module ExampleDeviceProfileSelector
[2017.12.24-02.16.57:275][  0]LogModuleManager: Warning: ModuleManager: Unable to load module 'ExampleDeviceProfileSelector' because the file 'C:/Program Files/Epic Games/UE_4.18/Engine/Binaries/Win64/' was not found.
[2017.12.24-02.16.57:275][  0]LogInit: Applying CVar settings loaded from the selected device profile: [Windows]
[2017.12.24-02.16.57:337][  0]LogInit: Computer: SYMPHONY-PC
[2017.12.24-02.16.57:338][  0]LogInit: User: fredjoytimjosh
[2017.12.24-02.16.57:338][  0]LogInit: CPU Page size=4096, Cores=4
[2017.12.24-02.16.57:338][  0]LogInit: High frequency timer resolution =3.316019 MHz
[2017.12.24-02.16.57:338][  0]LogMemory: Memory total: Physical=16.0GB (16GB approx)
[2017.12.24-02.16.57:338][  0]LogMemory: Platform Memory Stats for Windows
[2017.12.24-02.16.57:338][  0]LogMemory: Process Physical Memory: 273.58 MB used, 273.58 MB peak
[2017.12.24-02.16.57:338][  0]LogMemory: Process Virtual Memory: 271.90 MB used, 271.90 MB peak
[2017.12.24-02.16.57:338][  0]LogMemory: Physical Memory: 9488.59 MB used,  6856.42 MB free, 16345.01 MB total
[2017.12.24-02.16.57:338][  0]LogMemory: Virtual Memory: 650.64 MB used,  6856.42 MB free, 134217728.00 MB total
[2017.12.24-02.16.57:460][  0]LogInit: Using OS detected language (en-US).
[2017.12.24-02.16.57:460][  0]LogInit: Using OS detected locale (en-US).
[2017.12.24-02.16.57:620][  0]LogTextLocalizationManager: No specific localization for 'en-US' exists, so the 'en' localization will be used.
[2017.12.24-02.16.58:081][  0]LogInit: Setting process to per monitor DPI aware
[2017.12.24-02.17.01:446][  0]LogD3D11RHI: D3D11 adapters:
[2017.12.24-02.17.01:499][  0]LogD3D11RHI:    0. 'NVIDIA GeForce GTX 750 Ti' (Feature Level 11_0)
[2017.12.24-02.17.01:499][  0]LogD3D11RHI:       2017/0/8172 MB DedicatedVideo/DedicatedSystem/SharedSystem, Outputs:1, VendorId:0x10de
[2017.12.24-02.17.01:501][  0]LogD3D11RHI:    1. 'Microsoft Basic Render Driver' (Feature Level 11_0)
[2017.12.24-02.17.01:501][  0]LogD3D11RHI:       0/0/8172 MB DedicatedVideo/DedicatedSystem/SharedSystem, Outputs:0, VendorId:0x1414
[2017.12.24-02.17.01:501][  0]LogD3D11RHI: Chosen D3D11 Adapter: 0
[2017.12.24-02.17.01:509][  0]LogD3D11RHI: Creating new Direct3DDevice
[2017.12.24-02.17.01:509][  0]LogD3D11RHI:     GPU DeviceId: 0x1380 (for the marketing name, search the web for "GPU Device Id")
[2017.12.24-02.17.01:509][  0]LogWindows: EnumDisplayDevices:
[2017.12.24-02.17.01:510][  0]LogWindows:    0. 'NVIDIA GeForce GTX 750 Ti' (P:1 D:1)
[2017.12.24-02.17.01:510][  0]LogWindows:    1. 'NVIDIA GeForce GTX 750 Ti' (P:0 D:0)
[2017.12.24-02.17.01:510][  0]LogWindows:    2. 'NVIDIA GeForce GTX 750 Ti' (P:0 D:0)
[2017.12.24-02.17.01:510][  0]LogWindows:    3. 'NVIDIA GeForce GTX 750 Ti' (P:0 D:0)
[2017.12.24-02.17.01:510][  0]LogWindows: DebugString: FoundDriverCount:4 
[2017.12.24-02.17.01:510][  0]LogD3D11RHI:     Adapter Name: NVIDIA GeForce GTX 750 Ti
[2017.12.24-02.17.01:510][  0]LogD3D11RHI:   Driver Version: 388.13 (internal:23.21.13.8813, unified:388.13)
[2017.12.24-02.17.01:510][  0]LogD3D11RHI:      Driver Date: 10-27-2017
[2017.12.24-02.17.01:510][  0]LogRHI: Texture pool is 1412 MB (70% of 2017 MB)
[2017.12.24-02.17.01:547][  0]LogD3D11RHI: Async texture creation enabled
[2017.12.24-02.17.01:564][  0]LogD3D11RHI: GPU Timing Frequency: 1000.000000 (Debug: 2 2)
[2017.12.24-02.17.01:612][  0]LogShaderCompilers: Guid format shader working directory is 16 characters bigger than the processId version (E:/Unreal Engine Projects/SortTheTrash/Intermediate/Shaders/WorkingDirectory/19280/).
[2017.12.24-02.17.01:612][  0]LogShaderCompilers: Cleaned the shader compiler working directory 'C:/Users/fredjoytimjosh/AppData/Local/Temp/UnrealShaderWorkingDir/E3A46173441DC5C98989DD8AC9A22ED6/'.
[2017.12.24-02.17.01:612][  0]LogShaderCompilers: Display: Using Local Shader Compiler.
[2017.12.24-02.17.03:784][  0]LogTemp: Display: Loaded TP AllDesktopTargetPlatform
[2017.12.24-02.17.03:842][  0]LogTemp: Display: Loaded TP MacClientTargetPlatform
[2017.12.24-02.17.03:891][  0]LogTemp: Display: Loaded TP MacNoEditorTargetPlatform
[2017.12.24-02.17.03:943][  0]LogTemp: Display: Loaded TP MacServerTargetPlatform
[2017.12.24-02.17.04:011][  0]LogTemp: Display: Loaded TP MacTargetPlatform
[2017.12.24-02.17.04:066][  0]LogTemp: Display: Loaded TP WindowsClientTargetPlatform
[2017.12.24-02.17.04:118][  0]LogTemp: Display: Loaded TP WindowsNoEditorTargetPlatform
[2017.12.24-02.17.04:173][  0]LogTemp: Display: Loaded TP WindowsServerTargetPlatform
[2017.12.24-02.17.04:215][  0]LogTemp: Display: Loaded TP WindowsTargetPlatform
[2017.12.24-02.17.04:265][  0]LogTemp: Display: Loaded TP Android_ASTCTargetPlatform
[2017.12.24-02.17.04:315][  0]LogTemp: Display: Loaded TP Android_ATCTargetPlatform
[2017.12.24-02.17.04:368][  0]LogTemp: Display: Loaded TP Android_DXTTargetPlatform
[2017.12.24-02.17.04:418][  0]LogTemp: Display: Loaded TP Android_ETC1TargetPlatform
[2017.12.24-02.17.04:469][  0]LogTemp: Display: Loaded TP Android_ETC2TargetPlatform
[2017.12.24-02.17.04:566][  0]LogTemp: Display: Loaded TP Android_MultiTargetPlatform
[2017.12.24-02.17.04:566][  0]LogTemp: Display: Loaded TP Android_PVRTCTargetPlatform
[2017.12.24-02.17.04:631][  0]LogTemp: Display: Loaded TP AndroidTargetPlatform
[2017.12.24-02.17.04:666][  0]LogTemp: Display: Loaded TP HTML5TargetPlatform
[2017.12.24-02.17.04:777][  0]LogTemp: Display: Loaded TP IOSTargetPlatform
[2017.12.24-02.17.04:802][  0]LogTemp: Display: Loaded TP TVOSTargetPlatform
[2017.12.24-02.17.04:852][  0]LogTemp: Display: Loaded TP LinuxClientTargetPlatform
[2017.12.24-02.17.04:906][  0]LogTemp: Display: Loaded TP LinuxNoEditorTargetPlatform
[2017.12.24-02.17.04:957][  0]LogTemp: Display: Loaded TP LinuxServerTargetPlatform
[2017.12.24-02.17.05:056][  0]LogTemp: Display: Loaded TP LinuxTargetPlatform
[2017.12.24-02.17.05:056][  0]LogTargetPlatformManager: Display: Building Assets For Windows
[2017.12.24-02.17.05:512][  0]LogDerivedDataCache: Display: Max Cache Size: 512 MB
[2017.12.24-02.17.05:871][  0]LogDerivedDataCache: Loaded boot cache 0.36s 78MB C:/Users/fredjoytimjosh/AppData/Local/UnrealEngine/4.18/DerivedDataCache/Boot.ddc.
[2017.12.24-02.17.05:871][  0]LogDerivedDataCache: Display: Loaded Boot cache: C:/Users/fredjoytimjosh/AppData/Local/UnrealEngine/4.18/DerivedDataCache/Boot.ddc
[2017.12.24-02.17.05:871][  0]LogDerivedDataCache: FDerivedDataBackendGraph:  Pak pak cache file E:/Unreal Engine Projects/SortTheTrash/DerivedDataCache/DDC.ddp not found, will not use a pak cache.
[2017.12.24-02.17.05:871][  0]LogDerivedDataCache: Unable to find inner node Pak for hierarchical cache Hierarchy.
[2017.12.24-02.17.05:871][  0]LogDerivedDataCache: FDerivedDataBackendGraph:  CompressedPak pak cache file E:/Unreal Engine Projects/SortTheTrash/DerivedDataCache/Compressed.ddp not found, will not use a pak cache.
[2017.12.24-02.17.05:871][  0]LogDerivedDataCache: Unable to find inner node CompressedPak for hierarchical cache Hierarchy.
[2017.12.24-02.17.05:891][  0]LogDerivedDataCache: Display: Pak cache opened for reading ../../../Engine/DerivedDataCache/Compressed.ddp.
[2017.12.24-02.17.05:904][  0]LogDerivedDataCache: Using Local data cache path C:/Users/fredjoytimjosh/AppData/Local/UnrealEngine/Common/DerivedDataCache: Writable
[2017.12.24-02.17.05:906][  0]LogMaterial: Verifying Global Shaders for PCD3D_SM5
[2017.12.24-02.17.07:623][  0]LogSlate: Using Freetype 2.6.0
[2017.12.24-02.17.07:654][  0]LogSlate: SlateFontCache - WITH_FREETYPE: 1, WITH_HARFBUZZ: 1
[2017.12.24-02.17.07:654][  0]LogSlate: SlateFontCache - WITH_FREETYPE: 1, WITH_HARFBUZZ: 1
[2017.12.24-02.17.10:097][  0]LogModuleManager: Warning: No filename provided for module ExampleDeviceProfileSelector
[2017.12.24-02.17.10:097][  0]LogModuleManager: Warning: ModuleManager: Unable to load module 'ExampleDeviceProfileSelector' because the file 'C:/Program Files/Epic Games/UE_4.18/Engine/Binaries/Win64/' was not found.
[2017.12.24-02.17.10:210][  0]LogMaterial: Missing cached shader map for material WorldGridMaterial, compiling. Is special engine material.
[2017.12.24-02.20.03:731][  0]LogMaterial: Missing cached shader map for material DefaultDeferredDecalMaterial, compiling. 
[2017.12.24-02.20.15:110][  0]LogMaterial: Missing cached shader map for material DefaultLightFunctionMaterial, compiling. 
[2017.12.24-02.20.16:189][  0]LogMaterial: Missing cached shader map for material DefaultPostProcessMaterial, compiling. 
[2017.12.24-02.20.17:038][  0]LogMaterial: Missing cached shader map for material MatineeCam_mat, compiling. 
[2017.12.24-02.20.17:517][  0]LogSimplygon: Simplygon DLL not present - disabling.
[2017.12.24-02.20.17:569][  0]LogMeshReduction: Using SimplygonSwarm for distributed automatic mesh merging
[2017.12.24-02.20.17:569][  0]LogMeshReduction: Using QuadricMeshReduction for automatic static mesh reduction
[2017.12.24-02.20.17:569][  0]LogMeshReduction: No automatic skeletal mesh reduction module available
[2017.12.24-02.20.17:569][  0]LogMeshReduction: No automatic mesh merging module available
[2017.12.24-02.20.17:569][  0]LogMeshMerging: No automatic mesh merging module available
[2017.12.24-02.20.17:604][  0]LogNetVersion: SortTheTrash , NetCL: 3709383, EngineNetVer: 2, GameNetVer: 0 (Checksum: 1845696989)
[2017.12.24-02.20.17:644][  0]LogMaterial: Missing cached shader map for material HelpActorMaterial, compiling. 
[2017.12.24-02.20.17:827][  0]LogMaterial: Missing cached shader map for material DefaultTextMaterialOpaque, compiling. 
[2017.12.24-02.20.18:065][  0]LogAssetRegistry: FAssetRegistry took 0.0834 seconds to start up
[2017.12.24-02.20.18:104][  0]LogMaterial: Missing cached shader map for material Xray, compiling. 
[2017.12.24-02.20.18:139][  0]LogMaterial: Missing cached shader map for material Main, compiling. 
[2017.12.24-02.20.18:350][  0]LogMaterial: Missing cached shader map for material SnapGridMaterial, compiling. 
[2017.12.24-02.20.18:386][  0]LogMaterial: Missing cached shader map for material TransformGizmoMaterial, compiling. 
[2017.12.24-02.20.18:398][  0]LogMaterial: Missing cached shader map for material TranslucentTransformGizmoMaterial, compiling. 
[2017.12.24-02.20.18:476][  0]LogMaterial: Missing cached shader map for material CineMat, compiling. 
[2017.12.24-02.20.18:583][  0]LogMaterial: Missing cached shader map for material M_SimpleOpaque, compiling. 
[2017.12.24-02.20.18:632][  0]LogMaterial: Missing cached shader map for material M_SimpleTranslucent, compiling. 
[2017.12.24-02.20.18:767][  0]LogMaterial: Missing cached shader map for material Widget3DPassThrough, compiling. 
[2017.12.24-02.20.18:786][  0]LogMaterial: Missing cached shader map for material Widget3DPassThrough, compiling. 
[2017.12.24-02.20.18:818][  0]LogMaterial: Missing cached shader map for material Widget3DPassThrough, compiling. 
[2017.12.24-02.20.18:841][  0]LogMaterial: Missing cached shader map for material Widget3DPassThrough, compiling. 
[2017.12.24-02.20.18:857][  0]LogMaterial: Missing cached shader map for material Widget3DPassThrough, compiling. 
[2017.12.24-02.20.18:889][  0]LogMaterial: Missing cached shader map for material Widget3DPassThrough, compiling. 
[2017.12.24-02.20.19:043][  0]LogMaterial: Missing cached shader map for material SkySphereMaterial, compiling. 
[2017.12.24-02.20.19:066][  0]LogMaterial: Missing cached shader map for material FloorPlaneMaterial, compiling. 
[2017.12.24-02.20.19:215][  0]LogMaterial: Missing cached shader map for material LandscapeGizmo_Mat, compiling. 
[2017.12.24-02.20.19:261][  0]LogMaterial: Missing cached shader map for material LandscapeGizmoHeight_Mat, compiling. 
[2017.12.24-02.20.19:360][  0]LogMaterial: Missing cached shader map for material SplineEditorMeshMat, compiling. 
[2017.12.24-02.20.19:411][  0]LogMaterial: Missing cached shader map for material GearVRControllerMaterial, compiling. 
[2017.12.24-02.20.19:615][  0]LogPackageLocalizationCache: Processed 6 localized package path(s) for 2 prioritized culture(s) in 0.146744 seconds
[2017.12.24-02.20.19:623][  0]LogUObjectArray: 35775 objects as part of root set at end of initial load.
[2017.12.24-02.20.19:623][  0]LogUObjectAllocator: 7340528 out of 0 bytes used by permanent object pool.
[2017.12.24-02.20.19:623][  0]LogUObjectArray: CloseDisregardForGC: 0/0 objects in disregard for GC pool
[2017.12.24-02.20.19:693][  0]LogInit: WinSock: version 1.1 (2.2), MaxSocks=32767, MaxUdp=65467
[2017.12.24-02.20.46:826][  0]LogMaterial: Missing cached shader map for material GridPostProcess, compiling. 
[2017.12.24-02.20.46:849][  0]LogMaterial: Missing cached shader map for material VivePreControllerMaterial, compiling. 
[2017.12.24-02.20.46:884][  0]LogMaterial: Missing cached shader map for material OculusControllerMaterial, compiling. 
[2017.12.24-02.20.46:919][  0]LogMaterial: Missing cached shader map for material GridMaterial, compiling. 
[2017.12.24-02.20.46:939][  0]LogMaterial: Missing cached shader map for material VRTextMaterial, compiling. 
[2017.12.24-02.20.46:970][  0]LogMaterial: Missing cached shader map for material FlattenHeightMat, compiling. 
[2017.12.24-02.20.46:996][  0]LogMaterial: Missing cached shader map for material M_ContentWindow, compiling. 
[2017.12.24-02.20.47:059][  0]LogMaterial: Missing cached shader map for material ArrowMaterial, compiling. 
[2017.12.24-02.20.47:106][  0]LogMaterial: Missing cached shader map for material KeyDiskMaterial, compiling. 
[2017.12.24-02.20.47:131][  0]LogMaterial: Missing cached shader map for material LaserPointerMaterial, compiling. 
[2017.12.24-02.20.47:166][  0]LogMaterial: Missing cached shader map for material LaserPointerMaterial, compiling. 
[2017.12.24-02.20.47:228][  0]LogMaterial: Missing cached shader map for material GenericHMDMaterial, compiling. 
[2017.12.24-02.20.47:266][  0]LogMaterial: Missing cached shader map for material TeleportDirectionMaterial, compiling. 
[2017.12.24-02.20.47:319][  0]LogMaterial: Missing cached shader map for material LineMaterial, compiling. 
[2017.12.24-02.20.47:340][  0]LogMaterial: Missing cached shader map for material VRTextMaterial, compiling. 
[2017.12.24-02.20.49:153][  0]LogMaterial: Missing cached shader map for material DefaultSpriteMaterial, compiling. 
[2017.12.24-02.20.49:186][  0]LogMaterial: Missing cached shader map for material DefaultSpriteMaterial, compiling. 
[2017.12.24-02.20.49:411][  0]LogTcpMessaging: Initializing TcpMessaging bridge
[2017.12.24-02.20.49:467][  0]LogUdpMessaging: Initializing bridge on interface 0.0.0.0:0 to multicast group 230.0.0.1:6666.
[2017.12.24-02.20.50:429][  0]LogMaterial: Missing cached shader map for material BaseColor, compiling. 
[2017.12.24-02.20.50:429][  0]LogMaterial: Warning: C:\Program Files\Epic Games\UE_4.18\Engine\Content\BufferVisualization\BaseColor.uasset: Failed to compile Material for platform PCD3D_SM5, Default Material will be used in game.
[2017.12.24-02.20.50:429][  0]LogMaterial: 	(Node SceneTexture) GBuffer scene textures not available with forward shading.
[2017.12.24-02.20.50:435][  0]LogMaterial: Missing cached shader map for material CustomDepth, compiling. 
[2017.12.24-02.20.50:486][  0]LogMaterial: Uniform references updated for custom material expression Custom.
[2017.12.24-02.20.50:492][  0]LogMaterial: Missing cached shader map for material CustomStencil, compiling. 
[2017.12.24-02.20.50:509][  0]LogMaterial: Missing cached shader map for material FinalImage, compiling. 
[2017.12.24-02.20.50:524][  0]LogMaterial: Missing cached shader map for material LightingModel, compiling. 
[2017.12.24-02.20.50:525][  0]LogMaterial: Warning: C:\Program Files\Epic Games\UE_4.18\Engine\Content\BufferVisualization\LightingModel.uasset: Failed to compile Material for platform PCD3D_SM5, Default Material will be used in game.
[2017.12.24-02.20.50:525][  0]LogMaterial: 	(Node SceneTexture) GBuffer scene textures not available with forward shading.
[2017.12.24-02.20.50:530][  0]LogMaterial: Missing cached shader map for material MaterialAO, compiling. 
[2017.12.24-02.20.50:530][  0]LogMaterial: Warning: C:\Program Files\Epic Games\UE_4.18\Engine\Content\BufferVisualization\MaterialAO.uasset: Failed to compile Material for platform PCD3D_SM5, Default Material will be used in game.
[2017.12.24-02.20.50:530][  0]LogMaterial: 	(Node SceneTexture) GBuffer scene textures not available with forward shading.
[2017.12.24-02.20.50:537][  0]LogMaterial: Missing cached shader map for material Metallic, compiling. 
[2017.12.24-02.20.50:537][  0]LogMaterial: Warning: C:\Program Files\Epic Games\UE_4.18\Engine\Content\BufferVisualization\Metallic.uasset: Failed to compile Material for platform PCD3D_SM5, Default Material will be used in game.
[2017.12.24-02.20.50:537][  0]LogMaterial: 	(Node SceneTexture) GBuffer scene textures not available with forward shading.
[2017.12.24-02.20.50:543][  0]LogMaterial: Missing cached shader map for material Opacity, compiling. 
[2017.12.24-02.20.50:543][  0]LogMaterial: Warning: C:\Program Files\Epic Games\UE_4.18\Engine\Content\BufferVisualization\Opacity.uasset: Failed to compile Material for platform PCD3D_SM5, Default Material will be used in game.
[2017.12.24-02.20.50:543][  0]LogMaterial: 	(Node SceneTexture) GBuffer scene textures not available with forward shading.
[2017.12.24-02.20.50:549][  0]LogMaterial: Missing cached shader map for material Roughness, compiling. 
[2017.12.24-02.20.50:550][  0]LogMaterial: Warning: C:\Program Files\Epic Games\UE_4.18\Engine\Content\BufferVisualization\Roughness.uasset: Failed to compile Material for platform PCD3D_SM5, Default Material will be used in game.
[2017.12.24-02.20.50:550][  0]LogMaterial: 	(Node SceneTexture) GBuffer scene textures not available with forward shading.
[2017.12.24-02.20.50:555][  0]LogMaterial: Missing cached shader map for material SceneColor, compiling. 
[2017.12.24-02.20.50:571][  0]LogMaterial: Missing cached shader map for material SceneDepth, compiling. 
[2017.12.24-02.20.50:588][  0]LogMaterial: Missing cached shader map for material SeparateTranslucencyRGB, compiling. 
[2017.12.24-02.20.50:604][  0]LogMaterial: Missing cached shader map for material SeparateTranslucencyA, compiling. 
[2017.12.24-02.20.50:621][  0]LogMaterial: Missing cached shader map for material Specular, compiling. 
[2017.12.24-02.20.50:622][  0]LogMaterial: Warning: C:\Program Files\Epic Games\UE_4.18\Engine\Content\BufferVisualization\Specular.uasset: Failed to compile Material for platform PCD3D_SM5, Default Material will be used in game.
[2017.12.24-02.20.50:622][  0]LogMaterial: 	(Node SceneTexture) GBuffer scene textures not available with forward shading.
[2017.12.24-02.20.50:627][  0]LogMaterial: Missing cached shader map for material SubsurfaceColor, compiling. 
[2017.12.24-02.20.50:628][  0]LogMaterial: Warning: C:\Program Files\Epic Games\UE_4.18\Engine\Content\BufferVisualization\SubsurfaceColor.uasset: Failed to compile Material for platform PCD3D_SM5, Default Material will be used in game.
[2017.12.24-02.20.50:628][  0]LogMaterial: 	(Node SceneTexture) GBuffer scene textures not available with forward shading.
[2017.12.24-02.20.50:633][  0]LogMaterial: Missing cached shader map for material WorldNormal, compiling. 
[2017.12.24-02.20.50:634][  0]LogMaterial: Warning: C:\Program Files\Epic Games\UE_4.18\Engine\Content\BufferVisualization\WorldNormal.uasset: Failed to compile Material for platform PCD3D_SM5, Default Material will be used in game.
[2017.12.24-02.20.50:634][  0]LogMaterial: 	(Node SceneTexture) GBuffer scene textures not available with forward shading.
[2017.12.24-02.20.50:642][  0]LogMaterial: Missing cached shader map for material AmbientOcclusion, compiling. 
[2017.12.24-02.20.50:676][  0]LogMaterial: Missing cached shader map for material CustomDepthWorldUnits, compiling. 
[2017.12.24-02.20.50:698][  0]LogMaterial: Missing cached shader map for material SceneDepthWorldUnits, compiling. 
[2017.12.24-02.20.50:715][  0]LogMaterial: Missing cached shader map for material PreTonemapHDRColor, compiling. 
[2017.12.24-02.20.50:735][  0]LogMaterial: Missing cached shader map for material PostTonemapHDRColor, compiling. 
[2017.12.24-02.20.51:602][  0]LogMaterial: Missing cached shader map for material DefaultMediaPlaneMaterial, compiling. 
[2017.12.24-02.20.52:039][  0]LogOcInput: OculusInput pre-init called
[2017.12.24-02.20.52:429][  0]LogMaterial: Missing cached shader map for material HighResScreenshot, compiling. 
[2017.12.24-02.20.52:457][  0]LogMaterial: Missing cached shader map for material HighResScreenshotMask, compiling. 
[2017.12.24-02.20.52:490][  0]LogMaterial: Missing cached shader map for material HighResScreenshotCaptureRegion, compiling. 
[2017.12.24-02.20.52:553][  0]LogEngine: Initializing Engine...
[2017.12.24-02.20.52:555][  0]LogHMD: Failed to initialize OpenVR with code 110
[2017.12.24-02.20.52:563][  0]LogMaterial: Missing cached shader map for material WireframeMaterial, compiling. Is special engine material.
[2017.12.24-02.20.52:929][  0]LogMaterial: Missing cached shader map for material LevelColorationLitMaterial, compiling. Is special engine material.
[2017.12.24-02.20.53:928][  0]LogMaterial: Missing cached shader map for material LevelColorationUnlitMaterial, compiling. Is special engine material.
[2017.12.24-02.20.54:233][  0]LogMaterial: Missing cached shader map for material MAT_LevelColorationLitLightmapUV, compiling. Is special engine material.
[2017.12.24-02.20.55:230][  0]LogMaterial: Missing cached shader map for material ShadedLevelColorationLitMaterial, compiling. Is special engine material.
[2017.12.24-02.20.56:205][  0]LogMaterial: Missing cached shader map for material ShadedLevelColorationUnlitMateri, compiling. Is special engine material.
[2017.12.24-02.20.56:499][  0]LogMaterial: Missing cached shader map for material VertexColorMaterial, compiling. 
[2017.12.24-02.20.56:652][  0]LogMaterial: Missing cached shader map for material VertexColorViewMode_ColorOnly, compiling. 
[2017.12.24-02.20.56:686][  0]LogMaterial: Missing cached shader map for material VertexColorViewMode_AlphaAsColor, compiling. 
[2017.12.24-02.20.56:714][  0]LogMaterial: Missing cached shader map for material VertexColorViewMode_RedOnly, compiling. 
[2017.12.24-02.20.56:743][  0]LogMaterial: Missing cached shader map for material VertexColorViewMode_GreenOnly, compiling. 
[2017.12.24-02.20.56:772][  0]LogMaterial: Missing cached shader map for material VertexColorViewMode_BlueOnly, compiling. 
[2017.12.24-02.20.56:800][  0]LogMaterial: Missing cached shader map for material RemoveSurfaceMaterial, compiling. 
[2017.12.24-02.20.56:814][  0]LogMaterial: Missing cached shader map for material DebugMeshMaterial, compiling. 
[2017.12.24-02.20.56:842][  0]LogMaterial: Missing cached shader map for material M_InvalidLightmapSettings, compiling. 
[2017.12.24-02.20.56:909][  0]LogMaterial: Missing cached shader map for material GizmoMaterial, compiling. 
[2017.12.24-02.20.56:939][  0]LogMaterial: Missing cached shader map for material PhAT_JointLimitMaterial, compiling. 
[2017.12.24-02.20.56:976][  0]LogMaterial: Missing cached shader map for material GeomMaterial, compiling. 
[2017.12.24-02.20.56:998][  0]LogMaterial: Missing cached shader map for material EditorBrushMaterial, compiling. 
[2017.12.24-02.20.57:025][  0]LogMaterial: Missing cached shader map for material BoneWeightMaterial, compiling. 
[2017.12.24-02.20.57:186][  0]LogMaterial: Missing cached shader map for material ClothMaterial, compiling. 
[2017.12.24-02.20.57:217][  0]LogMaterial: Missing cached shader map for material ClothMaterial_WF, compiling. 
[2017.12.24-02.20.57:255][  0]LogMaterial: Missing cached shader map for material DebugEditorMaterial, compiling. 
[2017.12.24-02.20.57:281][  0]LogMaterial: Missing cached shader map for material PreviewShadowIndicatorMaterial, compiling. 
[2017.12.24-02.20.57:504][  0]LogStats: UGameplayTagsManager::ConstructGameplayTagTree: Construct from data asset -  0.000 s
[2017.12.24-02.20.57:504][  0]LogStats: UGameplayTagsManager::ConstructGameplayTagTree: GameplayTagTreeChangedEvent.Broadcast -  0.000 s
[2017.12.24-02.20.57:686][  0]LogAIModule: Creating AISystem for world Untitled
[2017.12.24-02.20.57:700][  0]LogInit: XAudio2 using 'Speakers / Headphones (Realtek High Definition Audio)' : 2 channels at 48 kHz using 32 bits per sample (channel mask 0x3)
[2017.12.24-02.20.57:731][  0]LogInit: FAudioDevice initialized.
[2017.12.24-02.20.58:485][  0]LogDerivedDataCache: Saved boot cache 0.75s 80MB C:/Users/fredjoytimjosh/AppData/Local/UnrealEngine/4.18/DerivedDataCache/Boot.ddc.
[2017.12.24-02.20.58:512][  0]LogInit: Texture streaming: Enabled
[2017.12.24-02.20.58:642][  0]LogEngineSessionManager: EngineSessionManager initialized
[2017.12.24-02.20.58:950][  0]LogInit: Transaction tracking system initialized
[2017.12.24-02.20.59:180][  0]SourceControl: Source control is disabled
[2017.12.24-02.20.59:509][  0]BlueprintLog: New page: Editor Load
[2017.12.24-02.21.00:760][  0]LocalizationService: Localization service is disabled
[2017.12.24-02.21.01:882][  0]LogConsoleResponse: Display: 
[2017.12.24-02.21.01:917][  0]LogMaterial: Missing cached shader map for material Cross_Mat, compiling. 
[2017.12.24-02.21.01:951][  0]LogMaterial: Missing cached shader map for material PhAT_BoneSelectedMaterial, compiling. 
[2017.12.24-02.21.01:973][  0]LogMaterial: Missing cached shader map for material PhAT_ElemSelectedMaterial, compiling. 
[2017.12.24-02.21.01:996][  0]LogMaterial: Missing cached shader map for material PhAT_NoCollisionMaterial, compiling. 
[2017.12.24-02.21.02:021][  0]LogMaterial: Missing cached shader map for material PhAT_UnselectedMaterial, compiling. 
[2017.12.24-02.21.02:049][  0]LogMaterial: Missing cached shader map for material Tick_Mat, compiling. 
[2017.12.24-02.21.02:084][  0]LogMaterial: Missing cached shader map for material WidgetGridVertexColorMaterial_Ma, compiling. 
[2017.12.24-02.21.02:110][  0]LogMaterial: Missing cached shader map for material WidgetMaterial, compiling. 
[2017.12.24-02.21.02:133][  0]LogMaterial: Missing cached shader map for material WidgetMaterial_Current, compiling. 
[2017.12.24-02.21.02:156][  0]LogMaterial: Missing cached shader map for material WidgetMaterial_X, compiling. 
[2017.12.24-02.21.02:182][  0]LogMaterial: Missing cached shader map for material WidgetMaterial_Y, compiling. 
[2017.12.24-02.21.02:205][  0]LogMaterial: Missing cached shader map for material WidgetMaterial_Z, compiling. 
[2017.12.24-02.21.02:230][  0]LogMaterial: Missing cached shader map for material WidgetVertexColorMaterial, compiling. 
[2017.12.24-02.21.02:308][  0]LogMaterial: Missing cached shader map for material LevelGridMaterial, compiling. 
[2017.12.24-02.21.02:389][  0]LogMaterial: Missing cached shader map for material BlinkingCaret, compiling. 
[2017.12.24-02.21.02:425][  0]LogMaterial: Missing cached shader map for material DefaultMaterial, compiling. 
[2017.12.24-02.21.02:635][  0]LogMaterial: Missing cached shader map for material M_StreamingPause, compiling. 
[2017.12.24-02.21.02:734][  0]LogCook: Display: Max memory allowance for cook 16384mb min free memory 0mb
[2017.12.24-02.21.02:735][  0]LogCook: Display: Mobile HDR setting 1
[2017.12.24-02.21.02:735][  0]LogGameplayTags: Display: UGameplayTagsManager::DoneAddingNativeTags. DelegateIsBound: 0
[2017.12.24-02.21.04:024][  0]LogFileCache: Scanning file cache for directory 'E:/Unreal Engine Projects/SortTheTrash/Content/' took 0.07s
[2017.12.24-02.21.04:088][  0]SourceControl: Source control is disabled
[2017.12.24-02.21.04:088][  0]Cmd: MAP LOAD FILE="E:/Unreal Engine Projects/SortTheTrash/Content/Levels/TestLevel.umap" TEMPLATE=0 SHOWPROGRESS=1 FEATURELEVEL=3
[2017.12.24-02.21.04:187][  0]LightingResults: New page: Lighting Build
[2017.12.24-02.21.04:246][  0]MapCheck: New page: Map Check
[2017.12.24-02.21.04:246][  0]LightingResults: New page: Lighting Build
[2017.12.24-02.21.15:189][  0]LogTexture: Display: Building textures: plus (BGRA8, 128X119)
[2017.12.24-02.21.15:189][  0]LogTexture: Display: Building textures: minus (BGRA8, 92X86)
[2017.12.24-02.21.15:190][  0]LogTexture: Display: Building textures: 18be2d728d8e2819066ad7c050adb1ef__1_ (BGRA8, 150X338)
[2017.12.24-02.21.15:190][  0]LogTexture: Display: Building textures: bolsa2 (BGRA8, 278X544)
[2017.12.24-02.21.15:190][  0]LogTexture: Display: Building textures: bolsa1 (BGRA8, 271X519)
[2017.12.24-02.21.15:190][  0]LogTexture: Display: Building textures: ShadowMapTexture2D_2 (BGRA8, 256X256)
[2017.12.24-02.21.15:190][  0]LogTexture: Display: Building textures: LQ_Lightmap_0_1 (DXT1, 512X512)
[2017.12.24-02.21.15:190][  0]LogTexture: Display: Building textures: HQ_Lightmap0_1 (AutoDXT, 512X512)
[2017.12.24-02.21.15:190][  0]LogTexture: Display: Building textures: banana (AutoDXT, 2000X2000)
[2017.12.24-02.21.15:190][  0]LogMaterial: Missing cached shader map for material Bananana, compiling. 
[2017.12.24-02.21.15:276][  0]LogMaterial: Missing cached shader map for material ShinyGrey, compiling. 
[2017.12.24-02.21.15:325][  0]LogMaterial: Missing cached shader map for material Grey, compiling. 
[2017.12.24-02.21.15:373][  0]LogMaterial: Missing cached shader map for material Compost, compiling. 
[2017.12.24-02.21.15:557][  0]LogMaterial: Missing cached shader map for material SobritosBack, compiling. 
[2017.12.24-02.21.15:643][  0]LogStaticMesh: Building static mesh can_Line002...
[2017.12.24-02.21.15:782][  0]LogStaticMesh: Built static mesh [0.14s] /Game/Models/can_Line002.can_Line002
[2017.12.24-02.21.15:798][  0]LogMaterial: Missing cached shader map for material Pink, compiling. 
[2017.12.24-02.21.15:893][  0]LogMaterial: Missing cached shader map for material plus_Mat, compiling. 
[2017.12.24-02.21.15:929][  0]LogMaterial: Missing cached shader map for material minus_Mat, compiling. 
[2017.12.24-02.21.15:965][  0]LogMaterial: Missing cached shader map for material ConveyorBelt, compiling. 
[2017.12.24-02.21.16:346][  0]LogMaterial: Missing cached shader map for material 18be2d728d8e2819066ad7c050adb1ef__1__Mat, compiling. 
[2017.12.24-02.21.16:379][  0]LogStaticMesh: Building static mesh Milk_Carton...
[2017.12.24-02.21.16:389][  0]LogStaticMesh: Built static mesh [0.01s] /Game/Models/Milk_Carton.Milk_Carton
[2017.12.24-02.21.16:400][  0]LogMaterial: Missing cached shader map for material ClearGlass, compiling. 
[2017.12.24-02.21.16:456][  0]LogMaterial: Missing cached shader map for material Black, compiling. 
[2017.12.24-02.21.16:667][  0]LogMaterial: Missing cached shader map for material SobritosFront, compiling. 
[2017.12.24-02.21.16:704][  0]LogMaterial: Missing cached shader map for material White, compiling. 
[2017.12.24-02.21.16:753][  0]LogMaterial: Missing cached shader map for material Green, compiling. 
[2017.12.24-02.21.16:802][  0]LogMaterial: Missing cached shader map for material Blue, compiling. 
[2017.12.24-02.21.16:851][  0]LogMaterial: Missing cached shader map for material BasicShapeMaterial, compiling. 
[2017.12.24-02.21.16:945][  0]LogAIModule: Creating AISystem for world TestLevel
[2017.12.24-02.21.17:872][  0]LogEditorServer: Finished looking for orphan Actors (0.000 secs)
[2017.12.24-02.21.17:945][  0]Cmd: MAP CHECKDEP NOCLEARLOG
[2017.12.24-02.21.18:038][  0]MapCheck: Map check complete: 0 Error(s), 0 Warning(s), took 92.808ms to complete.
[2017.12.24-02.21.18:038][  0]LogFileHelpers: Loading map 'TestLevel' took 13.950
[2017.12.24-02.21.18:307][  0]LogCollectionManager: Loaded 0 collections in 0.002777 seconds
[2017.12.24-02.21.18:400][  0]LogFileCache: Scanning file cache for directory 'E:/Unreal Engine Projects/SortTheTrash/Saved/Collections/' took 0.01s
[2017.12.24-02.21.18:400][  0]LogFileCache: Scanning file cache for directory 'E:/Unreal Engine Projects/SortTheTrash/Content/Developers/fredjoytimjosh/Collections/' took 0.01s
[2017.12.24-02.21.18:400][  0]LogFileCache: Scanning file cache for directory 'E:/Unreal Engine Projects/SortTheTrash/Content/Collections/' took 0.01s
[2017.12.24-02.21.18:400][  0]LogCollectionManager: Rebuilt the GUID cache for 0 collections in 0.000001 seconds
[2017.12.24-02.21.18:416][  0]LogContentBrowser: Native class hierarchy populated in 0.0156 seconds. Added 2321 classes and 464 folders.
[2017.12.24-02.21.18:512][  0]LogContentBrowser: Native class hierarchy updated for 'WidgetCarousel' in 0.0004 seconds. Added 0 classes and 0 folders.
[2017.12.24-02.21.19:200][  0]LogContentBrowser: Native class hierarchy updated for 'AddContentDialog' in 0.0004 seconds. Added 0 classes and 0 folders.
[2017.12.24-02.21.19:272][  0]LogContentBrowser: Native class hierarchy updated for 'SceneOutliner' in 0.0004 seconds. Added 1 classes and 2 folders.
[2017.12.24-02.21.19:428][  0]LogSlate: Took 0.028401 seconds to synchronously load lazily loaded font '../../../Engine/Content/Slate/Fonts/Roboto-Regular.ttf' (155K)
[2017.12.24-02.21.19:448][  0]LogSlate: Took 0.016845 seconds to synchronously load lazily loaded font '../../../Engine/Content/Slate/Fonts/Roboto-Bold.ttf' (160K)
[2017.12.24-02.21.19:476][  0]LogSlate: Took 0.020668 seconds to synchronously load lazily loaded font '../../../Engine/Content/Editor/Slate/Fonts/FontAwesome.ttf' (139K)
[2017.12.24-02.21.19:573][  0]LogMaterial: Missing cached shader map for material LevelGridMaterial2, compiling. 
[2017.12.24-02.21.19:701][  0]LogRenderer: Reallocating scene render targets to support 1180x700 Format 10 NumSamples 1 (Frame:1).
[2017.12.24-02.21.19:899][  0]LogSlate: Took 0.025448 seconds to synchronously load lazily loaded font '../../../Engine/Content/Slate/Fonts/Roboto-Light.ttf' (159K)
[2017.12.24-02.21.23:913][  0]LogContentBrowser: Native class hierarchy updated for 'HierarchicalLODOutliner' in 0.0004 seconds. Added 1 classes and 2 folders.
[2017.12.24-02.21.23:913][  0]LogLoad: (Engine Initialization) Total time: 269.69 seconds
[2017.12.24-02.21.23:913][  0]LogLoad: (Engine Initialization) Total Blueprint compile time: 0.00 seconds
[2017.12.24-02.21.23:913][  0]LogExternalProfiler: Found external profiler: VSPerf
[2017.12.24-02.21.23:914][  0]LogExternalProfiler: Using external profiler: VSPerf
[2017.12.24-02.21.24:004][  0]LogContentStreaming: Texture pool size now 1000 MB
[2017.12.24-02.21.24:086][  1]LogAssetRegistry: Asset discovery search completed in 66.0423 seconds
[2017.12.24-02.21.24:089][  1]LogCollectionManager: Rebuilt the object cache for 0 collections in 0.000001 seconds (found 0 objects)
[2017.12.24-02.21.24:089][  1]LogCollectionManager: Fixed up redirectors for 0 collections in 0.000091 seconds (updated 0 objects)
[2017.12.24-02.21.32:732][694]LogUProjectInfo: Found projects:
[2017.12.24-02.21.42:654][350]Cmd: CLOSE_SLATE_MAINFRAME
[2017.12.24-02.21.43:050][351]Cmd: QUIT_EDITOR
[2017.12.24-02.21.43:129][351]LogWindowsTextInputMethodSystem: Display: IME system now deactivated.
[2017.12.24-02.21.43:129][351]LogWindowsTextInputMethodSystem: Display: IME system now deactivated.
[2017.12.24-02.21.43:149][351]LogExit: Preparing to exit.
[2017.12.24-02.21.43:543][351]LogExit: Editor shut down
[2017.12.24-02.21.43:548][351]LogExit: Transaction tracking system shut down
[2017.12.24-02.21.43:757][351]LogDirectoryWatcher: A directory notification for '../../../Engine/Content/' was aborted.
[2017.12.24-02.21.43:757][351]LogDirectoryWatcher: A directory notification for 'E:/Unreal Engine Projects/SortTheTrash/Content/' was aborted.
[2017.12.24-02.21.43:757][351]LogDirectoryWatcher: A directory notification for '../../../Engine/Plugins/2D/Paper2D/Content/' was aborted.
[2017.12.24-02.21.43:757][351]LogDirectoryWatcher: A directory notification for '../../../Engine/Plugins/Media/MediaCompositing/Content/' was aborted.
[2017.12.24-02.21.43:757][351]LogDirectoryWatcher: A directory notification for '../../../Engine/Plugins/Runtime/Oculus/OculusVR/Content/' was aborted.
[2017.12.24-02.21.43:757][351]LogDirectoryWatcher: A directory notification for '../../../Engine/Plugins/Runtime/Steam/SteamVR/Content/' was aborted.
[2017.12.24-02.21.43:845][351]LogExit: Object subsystem successfully closed.
[2017.12.24-02.21.43:860][351]LogD3D11RHI: Shutdown
[2017.12.24-02.21.43:860][351]LogD3D11RHI: CleanupD3DDevice
[2017.12.24-02.21.43:862][351]LogD3D11RHI: ~FD3D11DynamicRHI
[2017.12.24-02.21.43:904][351]LogModuleManager: Shutting down and abandoning module HierarchicalLODOutliner (497)
[2017.12.24-02.21.43:904][351]LogModuleManager: Shutting down and abandoning module SceneOutliner (495)
[2017.12.24-02.21.43:904][351]LogModuleManager: Shutting down and abandoning module AddContentDialog (493)
[2017.12.24-02.21.43:904][351]LogDirectoryWatcher: A directory notification for 'C:/Program Files/Epic Games/UE_4.18/FeaturePacks/' was aborted.
[2017.12.24-02.21.43:905][351]LogModuleManager: Shutting down and abandoning module WidgetCarousel (492)
[2017.12.24-02.21.43:905][351]LogModuleManager: Shutting down and abandoning module EditorWidgets (489)
[2017.12.24-02.21.43:905][351]LogModuleManager: Shutting down and abandoning module CollectionManager (487)
[2017.12.24-02.21.43:905][351]LogDirectoryWatcher: A directory notification for 'E:/Unreal Engine Projects/SortTheTrash/Content/Collections/' was aborted.
[2017.12.24-02.21.43:905][351]LogDirectoryWatcher: A directory notification for 'E:/Unreal Engine Projects/SortTheTrash/Content/Developers/fredjoytimjosh/Collections/' was aborted.
[2017.12.24-02.21.43:905][351]LogDirectoryWatcher: A directory notification for 'E:/Unreal Engine Projects/SortTheTrash/Saved/Collections/' was aborted.
[2017.12.24-02.21.43:905][351]LogModuleManager: Shutting down and abandoning module StatsViewer (485)
[2017.12.24-02.21.43:905][351]LogModuleManager: Shutting down and abandoning module FoliageEdit (483)
[2017.12.24-02.21.43:905][351]LogModuleManager: Shutting down and abandoning module LandscapeEditor (481)
[2017.12.24-02.21.43:905][351]LogModuleManager: Shutting down and abandoning module MeshPaintMode (479)
[2017.12.24-02.21.43:906][351]LogModuleManager: Shutting down and abandoning module SceneDepthPickerMode (477)
[2017.12.24-02.21.43:906][351]LogModuleManager: Shutting down and abandoning module ActorPickerMode (475)
[2017.12.24-02.21.43:906][351]LogModuleManager: Shutting down and abandoning module GeometryMode (473)
[2017.12.24-02.21.43:906][351]LogModuleManager: Shutting down and abandoning module TextureAlignMode (471)
[2017.12.24-02.21.43:906][351]LogModuleManager: Shutting down and abandoning module BspMode (469)
[2017.12.24-02.21.43:906][351]LogModuleManager: Shutting down and abandoning module PlacementMode (467)
[2017.12.24-02.21.43:906][351]LogModuleManager: Shutting down and abandoning module PIEPreviewDeviceProfileSelector (465)
[2017.12.24-02.21.43:906][351]LogModuleManager: Shutting down and abandoning module HardwareSurvey (463)
[2017.12.24-02.21.43:906][351]LogModuleManager: Shutting down and abandoning module SequenceRecorderSections (461)
[2017.12.24-02.21.43:906][351]LogModuleManager: Shutting down and abandoning module SequenceRecorder (459)
[2017.12.24-02.21.43:906][351]LogModuleManager: Shutting down and abandoning module AutomationWorker (457)
[2017.12.24-02.21.43:906][351]LogModuleManager: Shutting down and abandoning module MatineeToLevelSequence (455)
[2017.12.24-02.21.43:906][351]LogModuleManager: Shutting down and abandoning module WmfMediaFactory (453)
[2017.12.24-02.21.43:906][351]LogModuleManager: Shutting down and abandoning module WmfMediaEditor (451)
[2017.12.24-02.21.43:906][351]LogModuleManager: Shutting down and abandoning module OpenExrWrapper (449)
[2017.12.24-02.21.43:906][351]LogModuleManager: Shutting down and abandoning module ImgMediaFactory (447)
[2017.12.24-02.21.43:906][351]LogModuleManager: Shutting down and abandoning module ImgMediaEditor (445)
[2017.12.24-02.21.43:906][351]LogModuleManager: Shutting down and abandoning module SmartSnapping (443)
[2017.12.24-02.21.43:906][351]LogModuleManager: Shutting down and abandoning module SessionServices (441)
[2017.12.24-02.21.43:906][351]LogModuleManager: Shutting down and abandoning module ViewportSnapping (439)
[2017.12.24-02.21.43:906][351]LogModuleManager: Shutting down and abandoning module ViewportInteraction (437)
[2017.12.24-02.21.43:906][351]LogModuleManager: Shutting down and abandoning module ClothPainter (435)
[2017.12.24-02.21.43:906][351]LogModuleManager: Shutting down and abandoning module SkeletalMeshEditor (434)
[2017.12.24-02.21.43:906][351]LogModuleManager: Shutting down and abandoning module LogVisualizer (431)
[2017.12.24-02.21.43:906][351]LogModuleManager: Shutting down and abandoning module IntroTutorials (429)
[2017.12.24-02.21.43:906][351]LogModuleManager: Shutting down and abandoning module GameProjectGeneration (428)
[2017.12.24-02.21.43:906][351]LogModuleManager: Shutting down and abandoning module IOSPlatformEditor (425)
[2017.12.24-02.21.43:906][351]LogModuleManager: Shutting down and abandoning module HTML5PlatformEditor (423)
[2017.12.24-02.21.43:906][351]LogModuleManager: Shutting down and abandoning module AndroidPlatformEditor (421)
[2017.12.24-02.21.43:906][351]LogModuleManager: Shutting down and abandoning module AndroidDeviceDetection (420)
[2017.12.24-02.21.44:321][351]LogModuleManager: Shutting down and abandoning module WindowsPlatformEditor (417)
[2017.12.24-02.21.44:321][351]LogModuleManager: Shutting down and abandoning module IOSRuntimeSettings (415)
[2017.12.24-02.21.44:321][351]LogModuleManager: Shutting down and abandoning module AndroidRuntimeSettings (413)
[2017.12.24-02.21.44:321][351]LogModuleManager: Shutting down and abandoning module InputBindingEditor (411)
[2017.12.24-02.21.44:321][351]LogModuleManager: Shutting down and abandoning module MergeActors (409)
[2017.12.24-02.21.44:321][351]LogModuleManager: Shutting down and abandoning module SizeMap (407)
[2017.12.24-02.21.44:321][351]LogModuleManager: Shutting down and abandoning module TreeMap (405)
[2017.12.24-02.21.44:321][351]LogModuleManager: Shutting down and abandoning module ReferenceViewer (403)
[2017.12.24-02.21.44:321][351]LogModuleManager: Shutting down and abandoning module LocalizationDashboard (401)
[2017.12.24-02.21.44:321][351]LogModuleManager: Shutting down and abandoning module LocalizationService (400)
[2017.12.24-02.21.44:321][351]LogModuleManager: Shutting down and abandoning module HardwareTargeting (397)
[2017.12.24-02.21.44:321][351]LogModuleManager: Shutting down and abandoning module DeviceProfileEditor (395)
[2017.12.24-02.21.44:321][351]LogModuleManager: Shutting down and abandoning module UndoHistory (393)
[2017.12.24-02.21.44:321][351]LogModuleManager: Shutting down and abandoning module XmlParser (391)
[2017.12.24-02.21.44:321][351]LogModuleManager: Shutting down and abandoning module Blutility (389)
[2017.12.24-02.21.44:321][351]LogModuleManager: Shutting down and abandoning module ProjectSettingsViewer (387)
[2017.12.24-02.21.44:321][351]LogModuleManager: Shutting down and abandoning module ProjectTargetPlatformEditor (386)
[2017.12.24-02.21.44:321][351]LogModuleManager: Shutting down and abandoning module EditorSettingsViewer (383)
[2017.12.24-02.21.44:321][351]LogModuleManager: Shutting down and abandoning module SettingsEditor (381)
[2017.12.24-02.21.44:321][351]LogModuleManager: Shutting down and abandoning module ProjectLauncher (379)
[2017.12.24-02.21.44:321][351]LogModuleManager: Shutting down and abandoning module SessionFrontend (377)
[2017.12.24-02.21.44:321][351]LogModuleManager: Shutting down and abandoning module ProfilerClient (375)
[2017.12.24-02.21.44:321][351]LogModuleManager: Shutting down and abandoning module DeviceManager (373)
[2017.12.24-02.21.44:321][351]LogModuleManager: Shutting down and abandoning module TargetDeviceServices (372)
[2017.12.24-02.21.44:384][351]LogModuleManager: Shutting down and abandoning module AutomationController (369)
[2017.12.24-02.21.44:384][351]LogModuleManager: Shutting down and abandoning module AutomationWindow (367)
[2017.12.24-02.21.44:384][351]LogModuleManager: Shutting down and abandoning module Layers (365)
[2017.12.24-02.21.44:384][351]LogModuleManager: Shutting down and abandoning module ComponentVisualizers (363)
[2017.12.24-02.21.44:384][351]LogModuleManager: Shutting down and abandoning module DetailCustomizations (361)
[2017.12.24-02.21.44:384][351]LogModuleManager: Shutting down and abandoning module PackagesDialog (359)
[2017.12.24-02.21.44:384][351]LogModuleManager: Shutting down and abandoning module Persona (357)
[2017.12.24-02.21.44:384][351]LogModuleManager: Shutting down and abandoning module AdvancedPreviewScene (356)
[2017.12.24-02.21.44:384][351]LogModuleManager: Shutting down and abandoning module AnimGraph (354)
[2017.12.24-02.21.44:384][351]LogModuleManager: Shutting down and abandoning module Kismet (351)
[2017.12.24-02.21.44:386][351]LogModuleManager: Shutting down and abandoning module GraphEditor (349)
[2017.12.24-02.21.44:386][351]LogModuleManager: Shutting down and abandoning module ClassViewer (347)
[2017.12.24-02.21.44:386][351]LogModuleManager: Shutting down and abandoning module Toolbox (345)
[2017.12.24-02.21.44:386][351]LogModuleManager: Shutting down and abandoning module ModuleUI (343)
[2017.12.24-02.21.44:386][351]LogModuleManager: Shutting down and abandoning module MovieSceneTools (341)
[2017.12.24-02.21.44:386][351]LogModuleManager: Shutting down and abandoning module SourceControl (339)
[2017.12.24-02.21.44:386][351]LogModuleManager: Shutting down and abandoning module OutputLog (337)
[2017.12.24-02.21.44:386][351]LogModuleManager: Shutting down and abandoning module GammaUI (335)
[2017.12.24-02.21.44:386][351]LogModuleManager: Shutting down and abandoning module Documentation (333)
[2017.12.24-02.21.44:386][351]LogModuleManager: Shutting down and abandoning module MovieSceneTracks (331)
[2017.12.24-02.21.44:386][351]LogModuleManager: Shutting down and abandoning module MovieScene (329)
[2017.12.24-02.21.44:386][351]LogModuleManager: Shutting down and abandoning module GeometryCache (327)
[2017.12.24-02.21.44:386][351]LogModuleManager: Shutting down and abandoning module GeometryCacheEd (326)
[2017.12.24-02.21.44:386][351]LogModuleManager: Shutting down and abandoning module StreamingPauseRendering (323)
[2017.12.24-02.21.44:386][351]LogModuleManager: Shutting down and abandoning module LauncherPlatform (321)
[2017.12.24-02.21.44:386][351]LogModuleManager: Shutting down and abandoning module AnalyticsET (319)
[2017.12.24-02.21.44:386][351]LogModuleManager: Shutting down and abandoning module PortalServices (317)
[2017.12.24-02.21.44:386][351]LogModuleManager: Shutting down and abandoning module PortalRpc (315)
[2017.12.24-02.21.44:386][351]LogModuleManager: Shutting down and abandoning module MessagingRpc (313)
[2017.12.24-02.21.44:386][351]LogModuleManager: Shutting down and abandoning module AIModule (311)
[2017.12.24-02.21.44:386][351]LogModuleManager: Shutting down and abandoning module GameplayDebugger (310)
[2017.12.24-02.21.44:387][351]LogModuleManager: Shutting down and abandoning module AITestSuite (308)
[2017.12.24-02.21.44:387][351]LogModuleManager: Shutting down and abandoning module DesktopPlatform (305)
[2017.12.24-02.21.44:387][351]LogModuleManager: Shutting down and abandoning module ProfilerService (303)
[2017.12.24-02.21.44:432][351]LogModuleManager: Shutting down and abandoning module TaskGraph (301)
[2017.12.24-02.21.44:432][351]LogModuleManager: Shutting down and abandoning module SteamVRController (299)
[2017.12.24-02.21.44:432][351]LogModuleManager: Shutting down and abandoning module ProceduralMeshComponentEditor (297)
[2017.12.24-02.21.44:432][351]LogModuleManager: Shutting down and abandoning module ProceduralMeshComponent (295)
[2017.12.24-02.21.44:432][351]LogModuleManager: Shutting down and abandoning module OculusInput (293)
[2017.12.24-02.21.44:432][351]LogModuleManager: Shutting down and abandoning module CustomMeshComponent (291)
[2017.12.24-02.21.44:432][351]LogModuleManager: Shutting down and abandoning module MediaPlayerEditor (287)
[2017.12.24-02.21.44:432][351]LogModuleManager: Shutting down and abandoning module MediaCompositingEditor (285)
[2017.12.24-02.21.44:432][351]LogModuleManager: Shutting down and abandoning module MediaCompositing (283)
[2017.12.24-02.21.44:432][351]LogModuleManager: Shutting down and abandoning module HTML5Networking (281)
[2017.12.24-02.21.44:432][351]LogModuleManager: Shutting down and abandoning module PluginBrowser (279)
[2017.12.24-02.21.44:432][351]LogModuleManager: Shutting down and abandoning module MobileLauncherProfileWizard (277)
[2017.12.24-02.21.44:432][351]LogModuleManager: Shutting down and abandoning module VisualStudioSourceCodeAccess (275)
[2017.12.24-02.21.44:432][351]LogModuleManager: Shutting down and abandoning module VisualStudioCodeSourceCodeAccess (273)
[2017.12.24-02.21.44:432][351]LogModuleManager: Shutting down and abandoning module UObjectPlugin (271)
[2017.12.24-02.21.44:432][351]LogModuleManager: Shutting down and abandoning module LightPropagationVolumeEditor (269)
[2017.12.24-02.21.44:432][351]LogModuleManager: Shutting down and abandoning module PaperTiledImporter (267)
[2017.12.24-02.21.44:432][351]LogModuleManager: Shutting down and abandoning module PaperSpriteSheetImporter (265)
[2017.12.24-02.21.44:432][351]LogModuleManager: Shutting down and abandoning module Paper2DEditor (263)
[2017.12.24-02.21.44:432][351]LogModuleManager: Shutting down and abandoning module MeshPaint (262)
[2017.12.24-02.21.44:432][351]LogModuleManager: Shutting down and abandoning module LevelEditor (260)
[2017.12.24-02.21.44:433][351]LogModuleManager: Shutting down and abandoning module PixelInspectorModule (259)
[2017.12.24-02.21.44:433][351]LogModuleManager: Shutting down and abandoning module MainFrame (257)
[2017.12.24-02.21.44:433][351]LogModuleManager: Shutting down and abandoning module HotReload (256)
[2017.12.24-02.21.44:433][351]LogDirectoryWatcher: A directory notification for 'E:/Unreal Engine Projects/SortTheTrash/Binaries/Win64' was aborted.
[2017.12.24-02.21.44:434][351]LogModuleManager: Shutting down and abandoning module ContentBrowser (252)
[2017.12.24-02.21.44:435][351]LogModuleManager: Shutting down and abandoning module RuntimePhysXCooking (249)
[2017.12.24-02.21.44:435][351]LogModuleManager: Shutting down and abandoning module OculusEditor (247)
[2017.12.24-02.21.44:435][351]LogModuleManager: Shutting down and abandoning module LocationServicesBPLibrary (245)
[2017.12.24-02.21.44:435][351]LogModuleManager: Shutting down and abandoning module ImmediatePhysicsEditor (243)
[2017.12.24-02.21.44:435][351]LogModuleManager: Shutting down and abandoning module ImmediatePhysics (241)
[2017.12.24-02.21.44:435][351]LogModuleManager: Shutting down and abandoning module UdpMessaging (239)
[2017.12.24-02.21.44:535][351]LogModuleManager: Shutting down and abandoning module TcpMessaging (237)
[2017.12.24-02.21.44:635][351]LogModuleManager: Shutting down and abandoning module GameplayTagsEditor (235)
[2017.12.24-02.21.44:635][351]LogModuleManager: Shutting down and abandoning module LightPropagationVolumeRuntime (233)
[2017.12.24-02.21.44:635][351]LogModuleManager: Shutting down and abandoning module Paper2D (231)
[2017.12.24-02.21.44:635][351]LogModuleManager: Shutting down and abandoning module WindowsMoviePlayer (229)
[2017.12.24-02.21.44:635][351]LogModuleManager: Shutting down and abandoning module WmfMedia (227)
[2017.12.24-02.21.44:648][351]LogModuleManager: Shutting down and abandoning module ImgMedia (225)
[2017.12.24-02.21.44:648][351]LogModuleManager: Shutting down and abandoning module PacketHandler (223)
[2017.12.24-02.21.44:648][351]LogModuleManager: Shutting down and abandoning module ClothingSystemEditor (221)
[2017.12.24-02.21.44:648][351]LogModuleManager: Shutting down and abandoning module ClothingSystemRuntime (219)
[2017.12.24-02.21.44:648][351]LogModuleManager: Shutting down and abandoning module MediaAssets (217)
[2017.12.24-02.21.44:648][351]LogModuleManager: Shutting down and abandoning module Media (216)
[2017.12.24-02.21.44:658][351]LogModuleManager: Shutting down and abandoning module Overlay (213)
[2017.12.24-02.21.44:658][351]LogModuleManager: Shutting down and abandoning module OverlayEditor (212)
[2017.12.24-02.21.44:658][351]LogModuleManager: Shutting down and abandoning module VREditor (209)
[2017.12.24-02.21.44:659][351]LogModuleManager: Shutting down and abandoning module StringTableEditor (207)
[2017.12.24-02.21.44:659][351]LogModuleManager: Shutting down and abandoning module GameplayTasksEditor (205)
[2017.12.24-02.21.44:659][351]LogModuleManager: Shutting down and abandoning module BehaviorTreeEditor (203)
[2017.12.24-02.21.44:659][351]LogModuleManager: Shutting down and abandoning module FunctionalTesting (201)
[2017.12.24-02.21.44:659][351]LogModuleManager: Shutting down and abandoning module CollisionAnalyzer (199)
[2017.12.24-02.21.44:659][351]LogModuleManager: Shutting down and abandoning module WorkspaceMenuStructure (198)
[2017.12.24-02.21.44:659][351]LogModuleManager: Shutting down and abandoning module UMG (195)
[2017.12.24-02.21.44:659][351]LogModuleManager: Shutting down and abandoning module UMGEditor (194)
[2017.12.24-02.21.44:659][351]LogModuleManager: Shutting down and abandoning module Sequencer (193)
[2017.12.24-02.21.44:659][351]LogModuleManager: Shutting down and abandoning module MessageLog (190)
[2017.12.24-02.21.44:659][351]LogModuleManager: Shutting down and abandoning module SlateReflector (185)
[2017.12.24-02.21.44:659][351]LogModuleManager: Shutting down and abandoning module Slate (183)
[2017.12.24-02.21.44:659][351]LogModuleManager: Shutting down and abandoning module EditorStyle (181)
[2017.12.24-02.21.44:662][351]LogModuleManager: Shutting down and abandoning module MRMesh (179)
[2017.12.24-02.21.44:662][351]LogModuleManager: Shutting down and abandoning module SourceCodeAccess (177)
[2017.12.24-02.21.44:662][351]LogModuleManager: Shutting down and abandoning module HeadMountedDisplay (175)
[2017.12.24-02.21.44:662][351]LogModuleManager: Shutting down and abandoning module XAudio2 (173)
[2017.12.24-02.21.44:662][351]LogModuleManager: Shutting down and abandoning module Networking (171)
[2017.12.24-02.21.44:662][351]LogModuleManager: Shutting down and abandoning module Core (167)
[2017.12.24-02.21.44:662][351]LogModuleManager: Shutting down and abandoning module LevelSequence (163)
[2017.12.24-02.21.44:662][351]LogModuleManager: Shutting down and abandoning module DirectoryWatcher (161)
[2017.12.24-02.21.44:663][351]LogModuleManager: Shutting down and abandoning module KismetCompiler (159)
[2017.12.24-02.21.44:663][351]LogModuleManager: Shutting down and abandoning module MeshUtilities (157)
[2017.12.24-02.21.44:663][351]LogModuleManager: Shutting down and abandoning module MeshMergeUtilities (156)
[2017.12.24-02.21.44:663][351]LogModuleManager: Shutting down and abandoning module MeshReductionInterface (155)
[2017.12.24-02.21.44:663][351]LogModuleManager: Shutting down and abandoning module SimplygonSwarm (154)
[2017.12.24-02.21.44:663][351]LogModuleManager: Shutting down and abandoning module SimplygonMeshReduction (152)
[2017.12.24-02.21.44:663][351]LogModuleManager: Shutting down and abandoning module QuadricMeshReduction (150)
[2017.12.24-02.21.44:663][351]LogModuleManager: Shutting down and abandoning module MaterialBaking (146)
[2017.12.24-02.21.44:663][351]LogModuleManager: Shutting down and abandoning module DerivedDataCache (143)
[2017.12.24-02.21.44:721][351]LogDerivedDataCache: Shutdown
[2017.12.24-02.21.44:721][351]LogModuleManager: Shutting down and abandoning module TargetPlatform (141)
[2017.12.24-02.21.44:721][351]LogModuleManager: Shutting down and abandoning module VulkanShaderFormat (140)
[2017.12.24-02.21.44:721][351]LogModuleManager: Shutting down and abandoning module ShaderFormatVectorVM (138)
[2017.12.24-02.21.44:721][351]LogModuleManager: Shutting down and abandoning module ShaderFormatOpenGL (136)
[2017.12.24-02.21.44:721][351]LogModuleManager: Shutting down and abandoning module ShaderFormatD3D (134)
[2017.12.24-02.21.44:721][351]LogModuleManager: Shutting down and abandoning module MetalShaderFormat (132)
[2017.12.24-02.21.44:721][351]LogModuleManager: Shutting down and abandoning module TextureFormatUncompressed (130)
[2017.12.24-02.21.44:721][351]LogModuleManager: Shutting down and abandoning module TextureFormatPVR (128)
[2017.12.24-02.21.44:721][351]LogModuleManager: Shutting down and abandoning module TextureFormatDXT (126)
[2017.12.24-02.21.44:721][351]LogModuleManager: Shutting down and abandoning module TextureFormatIntelISPCTexComp (124)
[2017.12.24-02.21.44:722][351]LogModuleManager: Shutting down and abandoning module TextureFormatASTC (122)
[2017.12.24-02.21.44:722][351]LogModuleManager: Shutting down and abandoning module ImageWrapper (121)
[2017.12.24-02.21.44:722][351]LogModuleManager: Shutting down and abandoning module TextureFormatAndroid (118)
[2017.12.24-02.21.44:722][351]LogModuleManager: Shutting down and abandoning module AudioFormatOpus (116)
[2017.12.24-02.21.44:722][351]LogModuleManager: Shutting down and abandoning module AudioFormatOgg (114)
[2017.12.24-02.21.44:722][351]LogModuleManager: Shutting down and abandoning module AudioFormatADPCM (112)
[2017.12.24-02.21.44:722][351]LogModuleManager: Shutting down and abandoning module LinuxTargetPlatform (110)
[2017.12.24-02.21.44:722][351]LogModuleManager: Shutting down and abandoning module LinuxServerTargetPlatform (108)
[2017.12.24-02.21.44:722][351]LogModuleManager: Shutting down and abandoning module LinuxNoEditorTargetPlatform (106)
[2017.12.24-02.21.44:722][351]LogModuleManager: Shutting down and abandoning module LinuxClientTargetPlatform (104)
[2017.12.24-02.21.44:722][351]LogModuleManager: Shutting down and abandoning module TVOSTargetPlatform (102)
[2017.12.24-02.21.44:722][351]LogModuleManager: Shutting down and abandoning module Messaging (100)
[2017.12.24-02.21.44:722][351]LogModuleManager: Shutting down and abandoning module IOSTargetPlatform (98)
[2017.12.24-02.21.44:722][351]LogModuleManager: Shutting down and abandoning module HTML5TargetPlatform (96)
[2017.12.24-02.21.44:722][351]LogModuleManager: Shutting down and abandoning module AndroidTargetPlatform (94)
[2017.12.24-02.21.44:722][351]LogModuleManager: Shutting down and abandoning module Android_PVRTCTargetPlatform (92)
[2017.12.24-02.21.44:722][351]LogModuleManager: Shutting down and abandoning module Android_MultiTargetPlatform (90)
[2017.12.24-02.21.44:722][351]LogModuleManager: Shutting down and abandoning module Android_ETC2TargetPlatform (88)
[2017.12.24-02.21.44:722][351]LogModuleManager: Shutting down and abandoning module Android_ETC1TargetPlatform (86)
[2017.12.24-02.21.44:722][351]LogModuleManager: Shutting down and abandoning module Android_DXTTargetPlatform (84)
[2017.12.24-02.21.44:722][351]LogModuleManager: Shutting down and abandoning module Android_ATCTargetPlatform (82)
[2017.12.24-02.21.44:722][351]LogModuleManager: Shutting down and abandoning module Android_ASTCTargetPlatform (80)
[2017.12.24-02.21.44:722][351]LogModuleManager: Shutting down and abandoning module WindowsTargetPlatform (78)
[2017.12.24-02.21.44:722][351]LogModuleManager: Shutting down and abandoning module WindowsServerTargetPlatform (76)
[2017.12.24-02.21.44:722][351]LogModuleManager: Shutting down and abandoning module WindowsNoEditorTargetPlatform (74)
[2017.12.24-02.21.44:722][351]LogModuleManager: Shutting down and abandoning module WindowsClientTargetPlatform (72)
[2017.12.24-02.21.44:722][351]LogModuleManager: Shutting down and abandoning module MacTargetPlatform (70)
[2017.12.24-02.21.44:722][351]LogModuleManager: Shutting down and abandoning module MacServerTargetPlatform (68)
[2017.12.24-02.21.44:722][351]LogModuleManager: Shutting down and abandoning module MacNoEditorTargetPlatform (66)
[2017.12.24-02.21.44:722][351]LogModuleManager: Shutting down and abandoning module MacClientTargetPlatform (64)
[2017.12.24-02.21.44:722][351]LogModuleManager: Shutting down and abandoning module AllDesktopTargetPlatform (62)
[2017.12.24-02.21.44:722][351]LogModuleManager: Shutting down and abandoning module InputCore (59)
[2017.12.24-02.21.44:722][351]LogModuleManager: Shutting down and abandoning module Settings (57)
[2017.12.24-02.21.44:722][351]LogModuleManager: Shutting down and abandoning module PhysXCooking (55)
[2017.12.24-02.21.44:723][351]LogModuleManager: Shutting down and abandoning module SteamVR (52)
[2017.12.24-02.21.44:723][351]LogModuleManager: Shutting down and abandoning module OculusHMD (50)
[2017.12.24-02.21.44:723][351]LogModuleManager: Shutting down and abandoning module OnlineBlueprintSupport (48)
[2017.12.24-02.21.44:723][351]LogModuleManager: Shutting down and abandoning module OnlineSubsystem (44)
[2017.12.24-02.21.44:723][351]LogModuleManager: Shutting down and abandoning module XMPP (43)
[2017.12.24-02.21.44:723][351]LogModuleManager: Shutting down and abandoning module HTTP (41)
[2017.12.24-02.21.44:723][351]LogHttp: Display: Http module shutting down, but needs to wait on 1 outstanding Http requests:
[2017.12.24-02.21.44:723][351]LogHttp: Display: 	verb=[POST] url=[https://datarouter.ol.epicgames.com/datarouter/api/v1/public/data?SessionID=%7B9741FE78-4414-FDCF-73BC-ED8879697868%7D&AppID=UEEditor.Rocket.Release&AppVersion=4.18.2-3794801%2B%2B%2BUE4%2BRelease-4.18&UserID=96bb0593429ba3dff68d009c30159732%7C7ff79518af8648e393b3a1a49bd5d85c%7C40b1e588-8468-4ffd-a747-93d49694bdaf&AppEnvironment=datacollector-binary&UploadType=eteventstream] status=Processing
[2017.12.24-02.21.44:723][351]LogHttp: Display: Sleeping 0.5s to wait for 1 outstanding Http requests.
[2017.12.24-02.21.45:223][351]LogHttp: Display: Sleeping 0.5s to wait for 1 outstanding Http requests.
[2017.12.24-02.21.45:723][351]LogHttp: Display: Sleeping 0.5s to wait for 1 outstanding Http requests.
[2017.12.24-02.21.46:224][351]LogHttp: Display: Sleeping 0.5s to wait for 1 outstanding Http requests.
[2017.12.24-02.21.46:724][351]LogHttp: Display: Sleeping 0.5s to wait for 1 outstanding Http requests.
[2017.12.24-02.21.47:224][351]LogHttp: Display: Sleeping 0.5s to wait for 1 outstanding Http requests.
[2017.12.24-02.21.47:724][351]LogHttp: Display: Sleeping 0.5s to wait for 1 outstanding Http requests.
[2017.12.24-02.21.48:225][351]LogHttp: Display: Sleeping 0.5s to wait for 1 outstanding Http requests.
[2017.12.24-02.21.48:744][351]LogModuleManager: Shutting down and abandoning module SSL (40)
[2017.12.24-02.21.48:745][351]LogModuleManager: Shutting down and abandoning module AnimationModifiers (36)
[2017.12.24-02.21.48:745][351]LogModuleManager: Shutting down and abandoning module PropertyEditor (35)
[2017.12.24-02.21.48:745][351]LogModuleManager: Shutting down and abandoning module AudioEditor (32)
[2017.12.24-02.21.48:745][351]LogModuleManager: Shutting down and abandoning module TextureCompressor (30)
[2017.12.24-02.21.48:745][351]LogModuleManager: Shutting down and abandoning module ShaderCore (28)
[2017.12.24-02.21.48:745][351]LogModuleManager: Shutting down and abandoning module Landscape (26)
[2017.12.24-02.21.48:745][351]LogModuleManager: Shutting down and abandoning module SlateRHIRenderer (24)
[2017.12.24-02.21.48:746][351]LogModuleManager: Shutting down and abandoning module OpenGLDrv (22)
[2017.12.24-02.21.48:746][351]LogModuleManager: Shutting down and abandoning module D3D11RHI (20)
[2017.12.24-02.21.48:746][351]LogModuleManager: Shutting down and abandoning module AnimGraphRuntime (18)
[2017.12.24-02.21.48:746][351]LogModuleManager: Shutting down and abandoning module Renderer (16)
[2017.12.24-02.21.48:746][351]LogModuleManager: Shutting down and abandoning module Engine (14)
[2017.12.24-02.21.48:746][351]LogModuleManager: Shutting down and abandoning module CoreUObject (12)
[2017.12.24-02.21.48:746][351]LogModuleManager: Shutting down and abandoning module NetworkFile (10)
[2017.12.24-02.21.48:746][351]LogModuleManager: Shutting down and abandoning module CookedIterativeFile (8)
[2017.12.24-02.21.48:746][351]LogModuleManager: Shutting down and abandoning module StreamingFile (6)
[2017.12.24-02.21.48:746][351]LogModuleManager: Shutting down and abandoning module SandboxFile (4)
[2017.12.24-02.21.48:746][351]LogModuleManager: Shutting down and abandoning module PakFile (2)
[2017.12.24-02.21.48:748][351]LogExit: Exiting.
[2017.12.24-02.21.48:763][351]Log file closed, 12/23/17 18:21:48
